{"/Users/christanismerilbanzouzi/Desktop/formation/jest/unit_test_jest/copyArray.js": {"path":"/Users/christanismerilbanzouzi/Desktop/formation/jest/unit_test_jest/copyArray.js","statementMap":{"0":{"start":{"line":2,"column":4},"end":{"line":2,"column":23}},"1":{"start":{"line":5,"column":0},"end":{"line":5,"column":27}}},"fnMap":{"0":{"name":"copyArray","decl":{"start":{"line":1,"column":9},"end":{"line":1,"column":18}},"loc":{"start":{"line":1,"column":26},"end":{"line":3,"column":1}},"line":1}},"branchMap":{},"s":{"0":2,"1":1},"f":{"0":2},"b":{},"_coverageSchema":"1a1c01bbd47fc00a2c39e90264f33305004495a9","hash":"b8ca94159e0edbf8d0544ac62ec7ddf7b918207c"}
,"/Users/christanismerilbanzouzi/Desktop/formation/jest/unit_test_jest/subtract.js": {"path":"/Users/christanismerilbanzouzi/Desktop/formation/jest/unit_test_jest/subtract.js","statementMap":{"0":{"start":{"line":2,"column":4},"end":{"line":2,"column":18}},"1":{"start":{"line":5,"column":0},"end":{"line":5,"column":26}}},"fnMap":{"0":{"name":"subtract","decl":{"start":{"line":1,"column":9},"end":{"line":1,"column":17}},"loc":{"start":{"line":1,"column":26},"end":{"line":3,"column":1}},"line":1}},"branchMap":{},"s":{"0":1,"1":1},"f":{"0":1},"b":{},"_coverageSchema":"1a1c01bbd47fc00a2c39e90264f33305004495a9","hash":"af8ebeaa43bed48fbe0645895cd7637fbdc6d85b"}
,"/Users/christanismerilbanzouzi/Desktop/formation/jest/unit_test_jest/sum.js": {"path":"/Users/christanismerilbanzouzi/Desktop/formation/jest/unit_test_jest/sum.js","statementMap":{"0":{"start":{"line":2,"column":4},"end":{"line":2,"column":18}},"1":{"start":{"line":5,"column":0},"end":{"line":5,"column":21}}},"fnMap":{"0":{"name":"sum","decl":{"start":{"line":1,"column":9},"end":{"line":1,"column":12}},"loc":{"start":{"line":1,"column":22},"end":{"line":3,"column":1}},"line":1}},"branchMap":{},"s":{"0":1,"1":1},"f":{"0":1},"b":{},"_coverageSchema":"1a1c01bbd47fc00a2c39e90264f33305004495a9","hash":"5ebaf6f881440e1c887ad6803468963a41eeed0d"}
}
